Arguments: 
  C:\Program Files\nodejs\node.exe C:\Program Files\nodejs\node_modules\yarn\bin\yarn.js

PATH: 
  C:\Python311\Scripts\;C:\Python311\;C:\Windows\system32;C:\Windows;C:\Windows\System32\Wbem;C:\Windows\System32\WindowsPowerShell\v1.0\;C:\Windows\System32\OpenSSH\;C:\Program Files\Git\cmd;C:\Users\86465\AppData\Roaming\nvm;C:\Program Files\nodejs;C:\Program Files\TortoiseGit\bin;D:\Program Files (x86)\Go\bin;D:\Program Files (x86)\Bandizip\;C:\ProgramData\chocolatey\bin;C:\Users\86465\AppData\Local\Microsoft\WindowsApps;D:\Program Files (x86)\Microsoft VS Code\bin;C:\Users\86465\go\bin;C:\Users\86465\AppData\Local\Programs\oh-my-posh\bin

Yarn version: 
  1.22.19

Node version: 
  16.17.1

Platform: 
  win32 x64

Trace: 
  Error: EPERM: operation not permitted, unlink 'D:\project\react-dialogbox3\node_modules\@esbuild\win32-x64\esbuild.exe'

npm manifest: 
  {
    "name": "react-dialogbox",
    "version": "2.0.3",
    "main": "lib/index.js",
    "author": "wuweijue",
    "homepage": "https://wuweijue.github.io/#/dialogbox",
    "description": "A dialogbox UI and React components implementation",
    "repository": {
      "type": "git",
      "url": "https://github.com/wuweijue/react-dialogbox"
    },
    "license": "MIT",
    "keywords": [
      "react",
      "dialog",
      "dialogbox",
      "component",
      "components",
      "react-component",
      "drag",
      "draggable",
      "typescript"
    ],
    "scripts": {
      "webpack-dev": "webpack serve --config ./webpack.dev.config",
      "webpack-build": "webpack --config ./webpack.prod.config",
      "build": "npx vite build",
      "dev": "npx vite dev",
      "push": "https://wuweijue.github.io/react-dialogbox/"
    },
    "dependencies": {
      "@types/classnames": "^2.3.1",
      "@types/react-monaco-editor": "^0.16.0",
      "antd": "^5.9.3",
      "classnames": "^2.3.1",
      "monaco-editor": "^0.39.0",
      "react": "^16.8.4",
      "react-dom": "18.2.0",
      "react-monaco-editor": "^0.54.0",
      "react-syntax-highlighter": "^15.5.0"
    },
    "devDependencies": {
      "@babel/core": "^7.23.0",
      "@babel/plugin-proposal-class-properties": "^7.18.6",
      "@babel/plugin-proposal-decorators": "^7.23.0",
      "@babel/preset-env": "^7.22.20",
      "@babel/preset-react": "^7.10.4",
      "@babel/preset-typescript": "^7.16.7",
      "@hot-loader/react-dom": "^16.13.0",
      "@types/react": "^16.8.4",
      "@types/react-dom": "^16.8.4",
      "@vitejs/plugin-react": "^4.1.0",
      "autoprefixer": "^10.2.6",
      "babel-loader": "^8.1.0",
      "babel-plugin-transform-decorators-legacy": "^1.3.5",
      "copy-webpack-plugin": "^9.0.0",
      "css-hot-loader": "^1.4.4",
      "css-loader": "^3.6.0",
      "declaration-bundler-webpack-plugin": "^1.0.3",
      "declaration-bundler-webpack4-plugin": "^1.0.6-beta.2",
      "exec": "^0.2.1",
      "gh-pages": "^6.0.0",
      "html-webpack-plugin": "^4.3.0",
      "less": "^4.1.1",
      "less-loader": "^7.1.1",
      "mini-css-extract-plugin": "^1.6.0",
      "postcss": "^8.3.0",
      "postcss-loader": "^5.3.0",
      "react-hot-loader": "^4.13.1",
      "source-map": "^0.7.3",
      "style-loader": "^1.2.1",
      "typescript": "^4.2.4",
      "url-loader": "^4.1.1",
      "vite": "^4.4.11",
      "webpack": "^5.38.1",
      "webpack-cli": "^4.7.2",
      "webpack-copy-plugin": "^0.0.4",
      "webpack-dev-server": "^4.15.1",
      "webpack-merge": "^5.0.9",
      "webpack-node-externals": "^2.5.0",
      "yarn": "^1.22.18"
    },
    "babel": {
      "plugins": [
        [
          "@babel/plugin-proposal-decorators",
          {
            "legacy": true
          }
        ]
      ]
    }
  }

yarn manifest: 
  No manifest

Lockfile: 
  No lockfile
